[35.095453262] 2019-01-12 20:27:08,711 - INFO - launcher: Starting sanity checks
[37.101745605] 2019-01-12 20:27:08,713 - INFO - launcher: Checking for Python 3.5+
[38.104772568] 2019-01-12 20:27:08,714 - INFO - launcher: Checking console encoding
[38.104772568] 2019-01-12 20:27:08,714 - INFO - launcher: Setting console encoding to UTF-8
[39.094686508] 2019-01-12 20:27:08,715 - INFO - launcher: Ensuring we're in the right environment
[40.958881378] 2019-01-12 20:27:08,717 - INFO - launcher: Adding local bins/ folder to path
[448.745250702] 2019-01-12 20:27:09,124 - INFO - launcher: Required checks passed.
[449.720859528] 2019-01-12 20:27:09,125 - INFO - launcher: Optional checks passed.
[450.748682022] 2019-01-12 20:27:09,126 - INFO - launcher: Moving old musicbot log

######################### PRE-RUN SANITY CHECKS PASSED #########################

[0.9500648975372314] 2019-01-12 20:27:09,626 - WARNING - musicbot.config | In config.py::MainThread(29248), line 115 in run_checks: i18n file does not exist. Trying to fallback to config/i18n/en.json.
[0.9500648975372314] 2019-01-12 20:27:09,626 - INFO - musicbot.config | In config.py::MainThread(29248), line 126 in run_checks: Using i18n: config/i18n/en.json
[0.9510679244995117] 2019-01-12 20:27:09,627 - DEBUG - musicbot.bot | In bot.py::MainThread(29248), line 219 in _setup_logging: Set logging level to INFO
[0.9530727863311768] 2019-01-12 20:27:09,629 - DEBUG - musicbot.json | In json.py::MainThread(29248), line 8 in __init__: Init JSON obj with config/i18n/en.json
[0.9781413078308105] 2019-01-12 20:27:09,654 - INFO - musicbot.bot | In bot.py::MainThread(29248), line 84 in __init__: Starting MusicBot 1.9.8_3
[0.9791436195373535] 2019-01-12 20:27:09,655 - INFO - musicbot.bot | In bot.py::MainThread(29248), line 90 in __init__: Loaded autoplaylist with 2531 entries
[5.3063988685607910] 2019-01-12 20:27:13,982 - DEBUG - musicbot.bot | In bot.py::MainThread(29248), line 915 in on_ready: Connection established, ready to go.
[5.3069083690643311] 2019-01-12 20:27:13,983 - DEBUG - musicbot.bot | In bot.py::MainThread(29248), line 333 in _cache_app_info: Caching app info
[5.7636528015136719] 2019-01-12 20:27:14,439 - DEBUG - musicbot.bot | In bot.py::MainThread(29248), line 737 in _scheck_ensure_env: Ensuring data folders exist
[5.7646584510803223] 2019-01-12 20:27:14,440 - DEBUG - musicbot.bot | In bot.py::MainThread(29248), line 753 in _scheck_server_permissions: Checking server permissions
[5.7646584510803223] 2019-01-12 20:27:14,440 - DEBUG - musicbot.bot | In bot.py::MainThread(29248), line 757 in _scheck_autoplaylist: Auditing autoplaylist
[5.7646584510803223] 2019-01-12 20:27:14,440 - DEBUG - musicbot.bot | In bot.py::MainThread(29248), line 761 in _scheck_configs: Validating config
[5.7656569480895996] 2019-01-12 20:27:14,441 - DEBUG - musicbot.config | In config.py::MainThread(29248), line 216 in async_validate: Validating options...
[5.7656569480895996] 2019-01-12 20:27:14,441 - DEBUG - musicbot.bot | In bot.py::MainThread(29248), line 764 in _scheck_configs: Validating permissions config
[5.7656569480895996] 2019-01-12 20:27:14,441 - DEBUG - musicbot.permissions | In permissions.py::MainThread(29248), line 94 in async_validate: Validating permissions...
[5.7656569480895996] 2019-01-12 20:27:14,441 - INFO - musicbot.bot | In bot.py::MainThread(29248), line 932 in on_ready: Connected: 533324600977784834/Indian Music#2968
[5.7676615715026855] 2019-01-12 20:27:14,443 - WARNING - musicbot.bot | In bot.py::MainThread(29248), line 968 in on_ready: Owner unknown, bot is not on any guilds.
[5.7696700096130371] 2019-01-12 20:27:14,445 - WARNING - musicbot.bot | In bot.py::MainThread(29248), line 974 in on_ready: To make the bot join a guild, paste this link in your browser. 
Note: You should be logged into your main account and have 
manage server permissions on the guild you want the bot to join.
  https://discordapp.com/oauth2/authorize?client_id=533324600977784834&scope=bot&permissions=70380544
[5.7736780643463135] 2019-01-12 20:27:14,449 - INFO - musicbot.bot | In bot.py::MainThread(29248), line 1003 in on_ready: Not bound to any text channels
[5.7756838798522949] 2019-01-12 20:27:14,451 - INFO - musicbot.bot | In bot.py::MainThread(29248), line 1029 in on_ready: Not autojoining any voice channels
[193.6531028747558594] 2019-01-12 20:30:22,329 - INFO - musicbot.bot | In bot.py::MainThread(29248), line 2868 in on_guild_join: Bot has been added to guild: Xskull
[193.6566622257232666] 2019-01-12 20:30:22,332 - DEBUG - musicbot.bot | In bot.py::MainThread(29248), line 2877 in on_guild_join: Creating data folder for guild 532956225764327437
[411.4658563137054443] 2019-01-12 20:34:00,142 - INFO - musicbot.bot | In bot.py::MainThread(29248), line 2626 in on_message: 484370510088634369/M.DEVASHISH#5349: #play ja na
[411.4668602943420410] 2019-01-12 20:34:00,143 - ERROR - musicbot.bot | In bot.py::MainThread(29248), line 2755 in on_message: Error in play: CommandError: The bot is not in a voice channel.  Use #summon to summon it to your voice channel.
Traceback (most recent call last):
  File "C:\Users\Dev aashish\Desktop\Indian Music\MusicBot\musicbot\bot.py", line 2654, in on_message
    handler_kwargs['player'] = await self.get_player(message.channel)
  File "C:\Users\Dev aashish\Desktop\Indian Music\MusicBot\musicbot\bot.py", line 424, in get_player
    'Use %ssummon to summon it to your voice channel.' % self.config.command_prefix)
musicbot.exceptions.CommandError: The bot is not in a voice channel.  Use #summon to summon it to your voice channel.
[427.0959565639495850] 2019-01-12 20:34:15,772 - INFO - musicbot.bot | In bot.py::MainThread(29248), line 2626 in on_message: 484370510088634369/M.DEVASHISH#5349: #summon
[430.4613177776336670] 2019-01-12 20:34:19,137 - DEBUG - musicbot.bot | In bot.py::MainThread(29248), line 697 in deserialize_queue: Deserializing queue for 532956225764327437
[430.7601783275604248] 2019-01-12 20:34:19,436 - DEBUG - musicbot.bot | In bot.py::MainThread(29248), line 416 in get_player: Created player via deserialization for guild 532956225764327437 with 1 entries
[430.7601783275604248] 2019-01-12 20:34:19,436 - INFO - musicbot.bot | In bot.py::MainThread(29248), line 1886 in cmd_summon: Joining Xskull/🔊Classic Music !
[430.7621550559997559] 2019-01-12 20:34:19,438 - DEBUG - musicbot.entry | In entry.py::MainThread(29248), line 56 in get_ready_future: Created future for audio_cache\youtube-FQS7i2z1CoA-Main_Tera_Boyfriend_Song_Raabta_Arijit_S_Neha_K_Meet_Bros_Sushant_Singh_Rajput_Kriti_Sanon.webm
[430.7621550559997559] 2019-01-12 20:34:19,438 - FFMPEG - musicbot.player | In player.py::MainThread(29248), line 273 in _play: Creating player with options: -nostdin -vn audio_cache\youtube-FQS7i2z1CoA-Main_Tera_Boyfriend_Song_Raabta_Arijit_S_Neha_K_Meet_Bros_Sushant_Singh_Rajput_Kriti_Sanon.webm
[437.1953992843627930] 2019-01-12 20:34:25,871 - DEBUG - musicbot.player | In player.py::MainThread(29248), line 284 in _play: Playing <discord.player.PCMVolumeTransformer object at 0x058346F0> using <discord.voice_client.VoiceClient object at 0x05AAD810>
[437.1969091892242432] 2019-01-12 20:34:25,873 - DEBUG - musicbot.bot | In bot.py::MainThread(29248), line 451 in on_player_play: Running on_player_play
[437.1974046230316162] 2019-01-12 20:34:25,873 - DEBUG - musicbot.bot | In bot.py::MainThread(29248), line 673 in serialize_queue: Serializing queue for 532956225764327437
[452.1482732295989990] 2019-01-12 20:34:40,824 - INFO - musicbot.bot | In bot.py::MainThread(29248), line 2626 in on_message: 484370510088634369/M.DEVASHISH#5349: #skip
[452.5902569293975830] 2019-01-12 20:34:41,266 - DEBUG - musicbot.bot | In bot.py::MainThread(29248), line 508 in on_player_finished_playing: Running on_player_finished_playing
[452.5907580852508545] 2019-01-12 20:34:41,266 - DEBUG - musicbot.bot | In bot.py::MainThread(29248), line 673 in serialize_queue: Serializing queue for 532956225764327437
[452.5952703952789307] 2019-01-12 20:34:41,271 - DEBUG - musicbot.bot | In bot.py::MainThread(29248), line 504 in on_player_stop: Running on_player_stop
